[2025-01-06 16:16:25,581: INFO: common: yaml file: config\config.yaml loaded successfully]
[2025-01-06 16:16:25,585: INFO: common: yaml file: params.yaml loaded successfully]
[2025-01-06 16:17:31,339: INFO: common: yaml file: config\config.yaml loaded successfully]
[2025-01-06 16:17:31,342: INFO: common: yaml file: params.yaml loaded successfully]
[2025-01-06 16:17:55,369: INFO: common: yaml file: config\config.yaml loaded successfully]
[2025-01-06 16:17:55,378: INFO: common: yaml file: params.yaml loaded successfully]
[2025-01-06 16:17:55,381: INFO: common: yaml file: schema.yaml loaded successfully]
[2025-01-06 16:17:55,383: INFO: common: created directory at: artifacts]
[2025-01-06 16:17:55,385: INFO: common: created directory at: artifacts/data_ingestion]
[2025-01-06 16:25:55,880: INFO: common: yaml file: config\config.yaml loaded successfully]
[2025-01-06 16:25:55,883: INFO: common: yaml file: params.yaml loaded successfully]
[2025-01-06 16:25:55,885: INFO: common: yaml file: schema.yaml loaded successfully]
[2025-01-06 16:25:55,887: INFO: common: created directory at: artifacts]
[2025-01-06 16:25:55,890: INFO: common: created directory at: artifacts/data_ingestion]
[2025-01-06 16:25:57,868: INFO: 251335794: artifacts/data_ingestion/data.zip download! with following info: 
Connection: close
Content-Length: 23329
Cache-Control: max-age=300
Content-Security-Policy: default-src 'none'; style-src 'unsafe-inline'; sandbox
Content-Type: application/zip
ETag: "c69888a4ae59bc5a893392785a938ccd4937981c06ba8a9d6a21aa52b4ab5b6e"
Strict-Transport-Security: max-age=31536000
X-Content-Type-Options: nosniff
X-Frame-Options: deny
X-XSS-Protection: 1; mode=block
X-GitHub-Request-Id: 6F6F:44604:AE7F423:B5B7F7B:677BBDC5
Accept-Ranges: bytes
Date: Mon, 06 Jan 2025 11:25:57 GMT
Via: 1.1 varnish
X-Served-By: cache-mrs1050104-MRS
X-Cache: MISS
X-Cache-Hits: 0
X-Timer: S1736162757.406923,VS0,VE214
Vary: Authorization,Accept-Encoding,Origin
Access-Control-Allow-Origin: *
Cross-Origin-Resource-Policy: cross-origin
X-Fastly-Request-ID: 9119003c7e677b1d5bdb35d9a6e75a5607cd6f71
Expires: Mon, 06 Jan 2025 11:30:57 GMT
Source-Age: 0

]
[2025-01-06 17:19:41,228: INFO: main: >>>>>> Stage: Data Ingestion Stage started <<<<<<]
[2025-01-06 17:19:41,230: INFO: common: yaml file: config\config.yaml loaded successfully]
[2025-01-06 17:19:41,231: INFO: common: yaml file: params.yaml loaded successfully]
[2025-01-06 17:19:41,231: INFO: common: yaml file: schema.yaml loaded successfully]
[2025-01-06 17:19:41,232: INFO: common: created directory at: artifacts]
[2025-01-06 17:19:41,232: INFO: common: created directory at: artifacts/data_ingestion]
[2025-01-06 17:19:43,204: INFO: data_ingestion: artifacts/data_ingestion/data.zip download! with following info: 
Connection: close
Content-Length: 23329
Cache-Control: max-age=300
Content-Security-Policy: default-src 'none'; style-src 'unsafe-inline'; sandbox
Content-Type: application/zip
ETag: "c69888a4ae59bc5a893392785a938ccd4937981c06ba8a9d6a21aa52b4ab5b6e"
Strict-Transport-Security: max-age=31536000
X-Content-Type-Options: nosniff
X-Frame-Options: deny
X-XSS-Protection: 1; mode=block
X-GitHub-Request-Id: 6F6F:44604:AE7F423:B5B7F7B:677BBDC5
Accept-Ranges: bytes
Date: Mon, 06 Jan 2025 12:19:42 GMT
Via: 1.1 varnish
X-Served-By: cache-mrs1050101-MRS
X-Cache: HIT
X-Cache-Hits: 0
X-Timer: S1736165983.720591,VS0,VE188
Vary: Authorization,Accept-Encoding,Origin
Access-Control-Allow-Origin: *
Cross-Origin-Resource-Policy: cross-origin
X-Fastly-Request-ID: 9d1c3cd0ecef6530811afb66b829fe7f6e325884
Expires: Mon, 06 Jan 2025 12:24:42 GMT
Source-Age: 0

]
[2025-01-06 17:19:43,213: INFO: main: >>>>>> Stage: Data Ingestion Stage completed <<<<<<]
[2025-01-06 18:34:57,016: INFO: common: yaml file: config\config.yaml loaded successfully]
[2025-01-06 18:34:57,019: INFO: common: yaml file: params.yaml loaded successfully]
[2025-01-06 18:34:57,026: INFO: common: yaml file: schema.yaml loaded successfully]
[2025-01-06 18:34:57,031: INFO: common: created directory at: artifacts]
[2025-01-06 18:38:01,988: INFO: common: yaml file: config\config.yaml loaded successfully]
[2025-01-06 18:38:01,991: INFO: common: yaml file: params.yaml loaded successfully]
[2025-01-06 18:38:01,995: INFO: common: yaml file: schema.yaml loaded successfully]
[2025-01-06 18:38:01,997: INFO: common: created directory at: artifacts]
[2025-01-06 18:38:01,999: INFO: common: created directory at: artifacts/data_validation]
[2025-01-06 18:59:09,966: INFO: main: >>>>>> Stage: Data Ingestion Stage started <<<<<<]
[2025-01-06 18:59:09,968: INFO: common: yaml file: config\config.yaml loaded successfully]
[2025-01-06 18:59:09,970: INFO: common: yaml file: params.yaml loaded successfully]
[2025-01-06 18:59:09,976: INFO: common: yaml file: schema.yaml loaded successfully]
[2025-01-06 18:59:09,976: INFO: common: created directory at: artifacts]
[2025-01-06 18:59:09,977: INFO: common: created directory at: artifacts/data_ingestion]
[2025-01-06 18:59:09,977: INFO: data_ingestion: File already exists]
[2025-01-06 18:59:09,982: INFO: main: >>>>>> Stage: Data Ingestion Stage completed <<<<<<]
[2025-01-06 18:59:09,983: INFO: main: >>>>>> Stage: Data Validation Stage started <<<<<<]
[2025-01-06 18:59:09,986: INFO: common: yaml file: config\config.yaml loaded successfully]
[2025-01-06 18:59:09,987: INFO: common: yaml file: params.yaml loaded successfully]
[2025-01-06 18:59:09,993: INFO: common: yaml file: schema.yaml loaded successfully]
[2025-01-06 18:59:09,994: INFO: common: created directory at: artifacts]
[2025-01-06 18:59:09,995: INFO: common: created directory at: artifacts/data_validation]
[2025-01-06 18:59:10,046: INFO: main: >>>>>> Stage: Data Validation Stage completed <<<<<<]
[2025-01-06 19:26:20,726: INFO: common: yaml file: config\config.yaml loaded successfully]
[2025-01-06 19:26:20,729: INFO: common: yaml file: params.yaml loaded successfully]
[2025-01-06 19:26:20,735: INFO: common: yaml file: schema.yaml loaded successfully]
[2025-01-06 19:26:20,737: INFO: common: created directory at: artifacts]
[2025-01-06 19:26:20,741: INFO: common: created directory at: artifacts/data_transformation]
[2025-01-06 19:26:20,806: INFO: 2809035275: Splitted data into training and test sets.]
[2025-01-06 19:26:20,807: INFO: 2809035275: (1199, 12)]
[2025-01-06 19:26:20,808: INFO: 2809035275: (400, 12)]
[2025-01-06 19:50:01,102: INFO: main: >>>>>> Stage: Data Ingestion Stage started <<<<<<]
[2025-01-06 19:50:01,105: INFO: common: yaml file: config\config.yaml loaded successfully]
[2025-01-06 19:50:01,105: INFO: common: yaml file: params.yaml loaded successfully]
[2025-01-06 19:50:01,108: INFO: common: yaml file: schema.yaml loaded successfully]
[2025-01-06 19:50:01,109: INFO: common: created directory at: artifacts]
[2025-01-06 19:50:01,111: INFO: common: created directory at: artifacts/data_ingestion]
[2025-01-06 19:50:01,111: INFO: data_ingestion: File already exists]
[2025-01-06 19:50:01,116: INFO: main: >>>>>> Stage: Data Ingestion Stage completed <<<<<<]
[2025-01-06 19:50:01,117: INFO: main: >>>>>> Stage: Data Validation Stage started <<<<<<]
[2025-01-06 19:50:01,122: INFO: common: yaml file: config\config.yaml loaded successfully]
[2025-01-06 19:50:01,123: INFO: common: yaml file: params.yaml loaded successfully]
[2025-01-06 19:50:01,126: INFO: common: yaml file: schema.yaml loaded successfully]
[2025-01-06 19:50:01,128: INFO: common: created directory at: artifacts]
[2025-01-06 19:50:01,128: INFO: common: created directory at: artifacts/data_validation]
[2025-01-06 19:50:01,161: INFO: main: >>>>>> Stage: Data Validation Stage completed <<<<<<]
[2025-01-06 19:50:01,161: INFO: main: >>>>>> Stage: Data Transformation Stage started <<<<<<]
[2025-01-06 19:50:01,172: INFO: common: yaml file: config\config.yaml loaded successfully]
[2025-01-06 19:50:01,173: INFO: common: yaml file: params.yaml loaded successfully]
[2025-01-06 19:50:01,177: INFO: common: yaml file: schema.yaml loaded successfully]
[2025-01-06 19:50:01,178: INFO: common: created directory at: artifacts]
[2025-01-06 19:50:01,179: INFO: common: created directory at: artifacts/data_transformation]
[2025-01-06 19:52:21,430: INFO: main: >>>>>> Stage: Data Ingestion Stage started <<<<<<]
[2025-01-06 19:52:21,433: INFO: common: yaml file: config\config.yaml loaded successfully]
[2025-01-06 19:52:21,433: INFO: common: yaml file: params.yaml loaded successfully]
[2025-01-06 19:52:21,436: INFO: common: yaml file: schema.yaml loaded successfully]
[2025-01-06 19:52:21,436: INFO: common: created directory at: artifacts]
[2025-01-06 19:52:21,436: INFO: common: created directory at: artifacts/data_ingestion]
[2025-01-06 19:52:21,437: INFO: data_ingestion: File already exists]
[2025-01-06 19:52:21,439: INFO: main: >>>>>> Stage: Data Ingestion Stage completed <<<<<<]
[2025-01-06 19:52:21,439: INFO: main: >>>>>> Stage: Data Validation Stage started <<<<<<]
[2025-01-06 19:52:21,442: INFO: common: yaml file: config\config.yaml loaded successfully]
[2025-01-06 19:52:21,442: INFO: common: yaml file: params.yaml loaded successfully]
[2025-01-06 19:52:21,445: INFO: common: yaml file: schema.yaml loaded successfully]
[2025-01-06 19:52:21,446: INFO: common: created directory at: artifacts]
[2025-01-06 19:52:21,447: INFO: common: created directory at: artifacts/data_validation]
[2025-01-06 19:52:21,474: INFO: main: >>>>>> Stage: Data Validation Stage completed <<<<<<]
[2025-01-06 19:52:21,474: INFO: main: >>>>>> Stage: Data Transformation Stage started <<<<<<]
[2025-01-06 19:52:21,479: INFO: common: yaml file: config\config.yaml loaded successfully]
[2025-01-06 19:52:21,481: INFO: common: yaml file: params.yaml loaded successfully]
[2025-01-06 19:52:21,486: INFO: common: yaml file: schema.yaml loaded successfully]
[2025-01-06 19:52:21,488: INFO: common: created directory at: artifacts]
[2025-01-06 19:52:21,489: INFO: common: created directory at: artifacts/data_transformation]
[2025-01-06 19:52:21,516: INFO: data_transformation: Splitted data into training and test sets.]
[2025-01-06 19:52:21,517: INFO: data_transformation: (1199, 12)]
[2025-01-06 19:52:21,517: INFO: data_transformation: (400, 12)]
[2025-01-06 19:52:21,518: INFO: main: >>>>>> Stage: Data Transformation Stage completed <<<<<<]
[2025-01-06 20:46:01,464: INFO: common: yaml file: config\config.yaml loaded successfully]
[2025-01-06 20:46:01,467: INFO: common: yaml file: params.yaml loaded successfully]
[2025-01-06 20:46:01,472: INFO: common: yaml file: schema.yaml loaded successfully]
[2025-01-06 20:46:01,474: INFO: common: created directory at: artifacts]
[2025-01-06 20:52:57,431: INFO: common: yaml file: config\config.yaml loaded successfully]
[2025-01-06 20:52:57,434: INFO: common: yaml file: params.yaml loaded successfully]
[2025-01-06 20:52:57,438: INFO: common: yaml file: schema.yaml loaded successfully]
[2025-01-06 20:52:57,441: INFO: common: created directory at: artifacts]
[2025-01-06 20:53:51,797: INFO: common: yaml file: config\config.yaml loaded successfully]
[2025-01-06 20:53:51,799: INFO: common: yaml file: params.yaml loaded successfully]
[2025-01-06 20:53:51,804: INFO: common: yaml file: schema.yaml loaded successfully]
[2025-01-06 20:53:51,806: INFO: common: created directory at: artifacts]
[2025-01-06 20:58:42,208: INFO: common: yaml file: config\config.yaml loaded successfully]
[2025-01-06 20:58:42,211: INFO: common: yaml file: params.yaml loaded successfully]
[2025-01-06 20:58:42,215: INFO: common: yaml file: schema.yaml loaded successfully]
[2025-01-06 20:58:42,217: INFO: common: created directory at: artifacts]
[2025-01-06 20:58:42,219: INFO: common: created directory at: artifacts/model_trainer]
[2025-01-06 20:58:57,210: INFO: common: yaml file: config\config.yaml loaded successfully]
[2025-01-06 20:58:57,212: INFO: common: yaml file: params.yaml loaded successfully]
[2025-01-06 20:58:57,219: INFO: common: yaml file: schema.yaml loaded successfully]
[2025-01-06 20:58:57,221: INFO: common: created directory at: artifacts]
[2025-01-06 20:58:57,223: INFO: common: created directory at: artifacts/model_trainer]
[2025-01-06 21:13:24,461: INFO: main: >>>>>> Stage: Data Ingestion Stage started <<<<<<]
[2025-01-06 21:13:24,464: INFO: common: yaml file: config\config.yaml loaded successfully]
[2025-01-06 21:13:24,465: INFO: common: yaml file: params.yaml loaded successfully]
[2025-01-06 21:13:24,467: INFO: common: yaml file: schema.yaml loaded successfully]
[2025-01-06 21:13:24,467: INFO: common: created directory at: artifacts]
[2025-01-06 21:13:24,468: INFO: common: created directory at: artifacts/data_ingestion]
[2025-01-06 21:13:24,468: INFO: data_ingestion: File already exists]
[2025-01-06 21:13:24,472: INFO: main: >>>>>> Stage: Data Ingestion Stage completed <<<<<<]
[2025-01-06 21:13:24,472: INFO: main: >>>>>> Stage: Data Validation Stage started <<<<<<]
[2025-01-06 21:13:24,477: INFO: common: yaml file: config\config.yaml loaded successfully]
[2025-01-06 21:13:24,478: INFO: common: yaml file: params.yaml loaded successfully]
[2025-01-06 21:13:24,483: INFO: common: yaml file: schema.yaml loaded successfully]
[2025-01-06 21:13:24,485: INFO: common: created directory at: artifacts]
[2025-01-06 21:13:24,486: INFO: common: created directory at: artifacts/data_validation]
[2025-01-06 21:13:24,508: INFO: main: >>>>>> Stage: Data Validation Stage completed <<<<<<]
[2025-01-06 21:13:24,509: INFO: main: >>>>>> Stage: Data Transformation Stage started <<<<<<]
[2025-01-06 21:13:24,520: INFO: common: yaml file: config\config.yaml loaded successfully]
[2025-01-06 21:13:24,521: INFO: common: yaml file: params.yaml loaded successfully]
[2025-01-06 21:13:24,524: INFO: common: yaml file: schema.yaml loaded successfully]
[2025-01-06 21:13:24,525: INFO: common: created directory at: artifacts]
[2025-01-06 21:13:24,526: INFO: common: created directory at: artifacts/data_transformation]
[2025-01-06 21:13:24,550: INFO: data_transformation: Splitted data into training and test sets.]
[2025-01-06 21:13:24,550: INFO: data_transformation: (1199, 12)]
[2025-01-06 21:13:24,551: INFO: data_transformation: (400, 12)]
[2025-01-06 21:13:24,553: INFO: main: >>>>>> Stage: Data Transformation Stage completed <<<<<<]
[2025-01-06 21:13:24,553: INFO: main: >>>>>> Stage: Model Trainer Stage started <<<<<<]
[2025-01-06 21:13:24,553: ERROR: main: 'ModelTrainingPipeline' object has no attribute 'initiate_model_trainer']
Traceback (most recent call last):
  File "C:\Users\Tesla Laptops\OneDrive\Desktop\MLOPS\datascienceproject_mlops\main.py", line 43, in <module>
    model_trainer.initiate_model_trainer()
AttributeError: 'ModelTrainingPipeline' object has no attribute 'initiate_model_trainer'
[2025-01-06 21:14:51,459: INFO: main: >>>>>> Stage: Data Ingestion Stage started <<<<<<]
[2025-01-06 21:14:51,463: INFO: common: yaml file: config\config.yaml loaded successfully]
[2025-01-06 21:14:51,464: INFO: common: yaml file: params.yaml loaded successfully]
[2025-01-06 21:14:51,466: INFO: common: yaml file: schema.yaml loaded successfully]
[2025-01-06 21:14:51,467: INFO: common: created directory at: artifacts]
[2025-01-06 21:14:51,467: INFO: common: created directory at: artifacts/data_ingestion]
[2025-01-06 21:14:51,467: INFO: data_ingestion: File already exists]
[2025-01-06 21:14:51,470: INFO: main: >>>>>> Stage: Data Ingestion Stage completed <<<<<<]
[2025-01-06 21:14:51,470: INFO: main: >>>>>> Stage: Data Validation Stage started <<<<<<]
[2025-01-06 21:14:51,475: INFO: common: yaml file: config\config.yaml loaded successfully]
[2025-01-06 21:14:51,478: INFO: common: yaml file: params.yaml loaded successfully]
[2025-01-06 21:14:51,481: INFO: common: yaml file: schema.yaml loaded successfully]
[2025-01-06 21:14:51,482: INFO: common: created directory at: artifacts]
[2025-01-06 21:14:51,483: INFO: common: created directory at: artifacts/data_validation]
[2025-01-06 21:14:51,507: INFO: main: >>>>>> Stage: Data Validation Stage completed <<<<<<]
[2025-01-06 21:14:51,508: INFO: main: >>>>>> Stage: Data Transformation Stage started <<<<<<]
[2025-01-06 21:14:51,514: INFO: common: yaml file: config\config.yaml loaded successfully]
[2025-01-06 21:14:51,516: INFO: common: yaml file: params.yaml loaded successfully]
[2025-01-06 21:14:51,521: INFO: common: yaml file: schema.yaml loaded successfully]
[2025-01-06 21:14:51,522: INFO: common: created directory at: artifacts]
[2025-01-06 21:14:51,522: INFO: common: created directory at: artifacts/data_transformation]
[2025-01-06 21:14:51,548: INFO: data_transformation: Splitted data into training and test sets.]
[2025-01-06 21:14:51,549: INFO: data_transformation: (1199, 12)]
[2025-01-06 21:14:51,549: INFO: data_transformation: (400, 12)]
[2025-01-06 21:14:51,551: INFO: main: >>>>>> Stage: Data Transformation Stage completed <<<<<<]
[2025-01-06 21:14:51,551: INFO: main: >>>>>> Stage: Model Trainer Stage started <<<<<<]
[2025-01-06 21:14:51,558: INFO: common: yaml file: config\config.yaml loaded successfully]
[2025-01-06 21:14:51,560: INFO: common: yaml file: params.yaml loaded successfully]
[2025-01-06 21:14:51,564: INFO: common: yaml file: schema.yaml loaded successfully]
[2025-01-06 21:14:51,565: INFO: common: created directory at: artifacts]
[2025-01-06 21:14:51,566: INFO: common: created directory at: artifacts/model_trainer]
[2025-01-06 21:14:51,606: INFO: main: >>>>>> Stage: Model Trainer Stage completed <<<<<<]
[2025-01-06 23:13:38,964: INFO: common: yaml file: config\config.yaml loaded successfully]
[2025-01-06 23:13:38,973: INFO: common: yaml file: params.yaml loaded successfully]
[2025-01-06 23:13:38,983: INFO: common: yaml file: schema.yaml loaded successfully]
[2025-01-06 23:13:38,989: INFO: common: created directory at: artifacts]
[2025-01-06 23:13:38,993: INFO: common: created directory at: artifacts/model_evaluation]
[2025-01-06 23:13:56,084: INFO: common: yaml file: config\config.yaml loaded successfully]
[2025-01-06 23:13:56,087: INFO: common: yaml file: params.yaml loaded successfully]
[2025-01-06 23:13:56,091: INFO: common: yaml file: schema.yaml loaded successfully]
[2025-01-06 23:13:56,093: INFO: common: created directory at: artifacts]
[2025-01-06 23:13:56,094: INFO: common: created directory at: artifacts/model_evaluation]
[2025-01-06 23:15:59,014: INFO: common: yaml file: config\config.yaml loaded successfully]
[2025-01-06 23:15:59,018: INFO: common: yaml file: params.yaml loaded successfully]
[2025-01-06 23:15:59,023: INFO: common: yaml file: schema.yaml loaded successfully]
[2025-01-06 23:15:59,025: INFO: common: created directory at: artifacts]
[2025-01-06 23:15:59,028: INFO: common: created directory at: artifacts/model_evaluation]
[2025-01-06 23:18:06,389: INFO: common: yaml file: config\config.yaml loaded successfully]
[2025-01-06 23:18:06,391: INFO: common: yaml file: params.yaml loaded successfully]
[2025-01-06 23:18:06,396: INFO: common: yaml file: schema.yaml loaded successfully]
[2025-01-06 23:18:06,398: INFO: common: created directory at: artifacts]
[2025-01-06 23:18:06,400: INFO: common: created directory at: artifacts/model_evaluation]
[2025-01-06 23:25:43,337: INFO: common: yaml file: config\config.yaml loaded successfully]
[2025-01-06 23:25:43,340: INFO: common: yaml file: params.yaml loaded successfully]
[2025-01-06 23:25:43,345: INFO: common: yaml file: schema.yaml loaded successfully]
[2025-01-06 23:25:43,347: INFO: common: created directory at: artifacts]
[2025-01-06 23:25:43,349: INFO: common: created directory at: artifacts/model_evaluation]
[2025-01-06 23:34:45,292: INFO: common: yaml file: config\config.yaml loaded successfully]
[2025-01-06 23:34:45,294: INFO: common: yaml file: params.yaml loaded successfully]
[2025-01-06 23:34:45,299: INFO: common: yaml file: schema.yaml loaded successfully]
[2025-01-06 23:34:45,301: INFO: common: created directory at: artifacts]
[2025-01-06 23:34:45,303: INFO: common: created directory at: artifacts/model_evaluation]
[2025-01-06 23:38:30,165: INFO: common: yaml file: config\config.yaml loaded successfully]
[2025-01-06 23:38:30,168: INFO: common: yaml file: params.yaml loaded successfully]
[2025-01-06 23:38:30,172: INFO: common: yaml file: schema.yaml loaded successfully]
[2025-01-06 23:38:30,174: INFO: common: created directory at: artifacts]
[2025-01-06 23:38:30,176: INFO: common: created directory at: artifacts/model_evaluation]
[2025-01-06 23:38:32,106: INFO: common: json file saved at: artifacts\model_evaluation\metrics.json]
[2025-01-06 23:54:49,369: INFO: main: >>>>>> Stage: Data Ingestion Stage started <<<<<<]
[2025-01-06 23:54:49,373: INFO: common: yaml file: config\config.yaml loaded successfully]
[2025-01-06 23:54:49,374: INFO: common: yaml file: params.yaml loaded successfully]
[2025-01-06 23:54:49,377: INFO: common: yaml file: schema.yaml loaded successfully]
[2025-01-06 23:54:49,379: INFO: common: created directory at: artifacts]
[2025-01-06 23:54:49,380: INFO: common: created directory at: artifacts/data_ingestion]
[2025-01-06 23:54:49,380: INFO: data_ingestion: File already exists]
[2025-01-06 23:54:49,386: INFO: main: >>>>>> Stage: Data Ingestion Stage completed <<<<<<]
[2025-01-06 23:54:49,386: INFO: main: >>>>>> Stage: Data Validation Stage started <<<<<<]
[2025-01-06 23:54:49,392: INFO: common: yaml file: config\config.yaml loaded successfully]
[2025-01-06 23:54:49,393: INFO: common: yaml file: params.yaml loaded successfully]
[2025-01-06 23:54:49,397: INFO: common: yaml file: schema.yaml loaded successfully]
[2025-01-06 23:54:49,398: INFO: common: created directory at: artifacts]
[2025-01-06 23:54:49,398: INFO: common: created directory at: artifacts/data_validation]
[2025-01-06 23:54:49,425: INFO: main: >>>>>> Stage: Data Validation Stage completed <<<<<<]
[2025-01-06 23:54:49,425: INFO: main: >>>>>> Stage: Data Transformation Stage started <<<<<<]
[2025-01-06 23:54:49,446: INFO: common: yaml file: config\config.yaml loaded successfully]
[2025-01-06 23:54:49,449: INFO: common: yaml file: params.yaml loaded successfully]
[2025-01-06 23:54:49,453: INFO: common: yaml file: schema.yaml loaded successfully]
[2025-01-06 23:54:49,455: INFO: common: created directory at: artifacts]
[2025-01-06 23:54:49,456: INFO: common: created directory at: artifacts/data_transformation]
[2025-01-06 23:54:49,494: INFO: data_transformation: Splitted data into training and test sets.]
[2025-01-06 23:54:49,495: INFO: data_transformation: (1199, 12)]
[2025-01-06 23:54:49,496: INFO: data_transformation: (400, 12)]
[2025-01-06 23:54:49,497: INFO: main: >>>>>> Stage: Data Transformation Stage completed <<<<<<]
[2025-01-06 23:54:49,498: INFO: main: >>>>>> Stage: Model Trainer Stage started <<<<<<]
[2025-01-06 23:54:49,502: INFO: common: yaml file: config\config.yaml loaded successfully]
[2025-01-06 23:54:49,503: INFO: common: yaml file: params.yaml loaded successfully]
[2025-01-06 23:54:49,506: INFO: common: yaml file: schema.yaml loaded successfully]
[2025-01-06 23:54:49,507: INFO: common: created directory at: artifacts]
[2025-01-06 23:54:49,507: INFO: common: created directory at: artifacts/model_trainer]
[2025-01-06 23:54:49,551: INFO: main: >>>>>> Stage: Model Trainer Stage completed <<<<<<]
[2025-01-06 23:54:49,552: INFO: main: >>>>>> Stage: Model Evaluation Stage started <<<<<<]
[2025-01-06 23:54:49,556: INFO: common: yaml file: config\config.yaml loaded successfully]
[2025-01-06 23:54:49,557: INFO: common: yaml file: params.yaml loaded successfully]
[2025-01-06 23:54:49,561: INFO: common: yaml file: schema.yaml loaded successfully]
[2025-01-06 23:54:49,562: INFO: common: created directory at: artifacts]
[2025-01-06 23:54:49,563: INFO: common: created directory at: artifacts/model_evaluation]
[2025-01-06 23:54:50,505: INFO: common: json file saved at: artifacts\model_evaluation\metrics.json]
[2025-01-06 23:54:56,844: INFO: main: >>>>>> Stage: Model Evaluation Stage completed <<<<<<]
[2025-01-06 23:58:36,572: INFO: main: >>>>>> Stage: Data Ingestion Stage started <<<<<<]
[2025-01-06 23:58:36,577: INFO: common: yaml file: config\config.yaml loaded successfully]
[2025-01-06 23:58:36,579: INFO: common: yaml file: params.yaml loaded successfully]
[2025-01-06 23:58:36,582: INFO: common: yaml file: schema.yaml loaded successfully]
[2025-01-06 23:58:36,583: INFO: common: created directory at: artifacts]
[2025-01-06 23:58:36,584: INFO: common: created directory at: artifacts/data_ingestion]
[2025-01-06 23:58:36,585: INFO: data_ingestion: File already exists]
[2025-01-06 23:58:36,590: INFO: main: >>>>>> Stage: Data Ingestion Stage completed <<<<<<]
[2025-01-06 23:58:36,590: INFO: main: >>>>>> Stage: Data Validation Stage started <<<<<<]
[2025-01-06 23:58:36,597: INFO: common: yaml file: config\config.yaml loaded successfully]
[2025-01-06 23:58:36,599: INFO: common: yaml file: params.yaml loaded successfully]
[2025-01-06 23:58:36,607: INFO: common: yaml file: schema.yaml loaded successfully]
[2025-01-06 23:58:36,608: INFO: common: created directory at: artifacts]
[2025-01-06 23:58:36,609: INFO: common: created directory at: artifacts/data_validation]
[2025-01-06 23:58:36,648: INFO: main: >>>>>> Stage: Data Validation Stage completed <<<<<<]
[2025-01-06 23:58:36,648: INFO: main: >>>>>> Stage: Data Transformation Stage started <<<<<<]
[2025-01-06 23:58:36,660: INFO: common: yaml file: config\config.yaml loaded successfully]
[2025-01-06 23:58:36,661: INFO: common: yaml file: params.yaml loaded successfully]
[2025-01-06 23:58:36,667: INFO: common: yaml file: schema.yaml loaded successfully]
[2025-01-06 23:58:36,669: INFO: common: created directory at: artifacts]
[2025-01-06 23:58:36,671: INFO: common: created directory at: artifacts/data_transformation]
[2025-01-06 23:58:36,737: INFO: data_transformation: Splitted data into training and test sets.]
[2025-01-06 23:58:36,739: INFO: data_transformation: (1199, 12)]
[2025-01-06 23:58:36,740: INFO: data_transformation: (400, 12)]
[2025-01-06 23:58:36,742: INFO: main: >>>>>> Stage: Data Transformation Stage completed <<<<<<]
[2025-01-06 23:58:36,743: INFO: main: >>>>>> Stage: Model Trainer Stage started <<<<<<]
[2025-01-06 23:58:36,752: INFO: common: yaml file: config\config.yaml loaded successfully]
[2025-01-06 23:58:36,755: INFO: common: yaml file: params.yaml loaded successfully]
[2025-01-06 23:58:36,759: INFO: common: yaml file: schema.yaml loaded successfully]
[2025-01-06 23:58:36,760: INFO: common: created directory at: artifacts]
[2025-01-06 23:58:36,761: INFO: common: created directory at: artifacts/model_trainer]
[2025-01-06 23:58:36,816: INFO: main: >>>>>> Stage: Model Trainer Stage completed <<<<<<]
[2025-01-06 23:58:36,816: INFO: main: >>>>>> Stage: Model Evaluation Stage started <<<<<<]
[2025-01-06 23:58:36,821: INFO: common: yaml file: config\config.yaml loaded successfully]
[2025-01-06 23:58:36,823: INFO: common: yaml file: params.yaml loaded successfully]
[2025-01-06 23:58:36,827: INFO: common: yaml file: schema.yaml loaded successfully]
[2025-01-06 23:58:36,828: INFO: common: created directory at: artifacts]
[2025-01-06 23:58:36,828: INFO: common: created directory at: artifacts/model_evaluation]
[2025-01-06 23:58:38,254: INFO: common: json file saved at: artifacts\model_evaluation\metrics.json]
[2025-01-06 23:58:51,487: INFO: main: >>>>>> Stage: Model Evaluation Stage completed <<<<<<]
[2025-01-07 00:24:22,532: INFO: _internal: [31m[1mWARNING: This is a development server. Do not use it in a production deployment. Use a production WSGI server instead.[0m
 * Running on all addresses (0.0.0.0)
 * Running on http://127.0.0.1:8080
 * Running on http://192.168.4.103:8080]
[2025-01-07 00:24:22,533: INFO: _internal: [33mPress CTRL+C to quit[0m]
[2025-01-07 00:24:33,555: INFO: _internal: 127.0.0.1 - - [07/Jan/2025 00:24:33] "GET / HTTP/1.1" 200 -]
[2025-01-07 00:24:33,697: INFO: _internal: 127.0.0.1 - - [07/Jan/2025 00:24:33] "[33mGET /static/assets/img/form-v9.jpg HTTP/1.1[0m" 404 -]
[2025-01-07 00:24:33,882: INFO: _internal: 127.0.0.1 - - [07/Jan/2025 00:24:33] "[33mGET /favicon.ico HTTP/1.1[0m" 404 -]
[2025-01-07 00:25:33,041: INFO: _internal: 127.0.0.1 - - [07/Jan/2025 00:25:33] "POST /predict HTTP/1.1" 200 -]
